The system is: Linux - 3.10.0-1160.99.1.el7.x86_64 - x86_64
Compiling the C compiler identification source file "CMakeCCompilerId.c" succeeded.
Compiler: /pixar/d2/sets/vfx2022.003/bin/gcc 
Build flags: 
Id flags:  

The output was:
0


Compilation of the C compiler identification source "CMakeCCompilerId.c" produced "a.out"

The C compiler identification is GNU, found in "/home/clachanski/trees/OpenUSD_Vulkan/build/CMakeFiles/3.17.5/CompilerIdC/a.out"

Compiling the CXX compiler identification source file "CMakeCXXCompilerId.cpp" succeeded.
Compiler: /pixar/d2/sets/vfx2022.003/bin/g++ 
Build flags: 
Id flags:  

The output was:
0


Compilation of the CXX compiler identification source "CMakeCXXCompilerId.cpp" produced "a.out"

The CXX compiler identification is GNU, found in "/home/clachanski/trees/OpenUSD_Vulkan/build/CMakeFiles/3.17.5/CompilerIdCXX/a.out"

Determining if the C compiler works passed with the following output:
Change Dir: /home/clachanski/trees/OpenUSD_Vulkan/build/CMakeFiles/CMakeTmp

Run Build Command(s):/bin/gmake cmTC_5686b/fast && /bin/gmake  -f CMakeFiles/cmTC_5686b.dir/build.make CMakeFiles/cmTC_5686b.dir/build
gmake[1]: Entering directory `/home/clachanski/trees/OpenUSD_Vulkan/build/CMakeFiles/CMakeTmp'
Building C object CMakeFiles/cmTC_5686b.dir/testCCompiler.c.o
/pixar/d2/sets/vfx2022.003/bin/gcc    -o CMakeFiles/cmTC_5686b.dir/testCCompiler.c.o   -c /home/clachanski/trees/OpenUSD_Vulkan/build/CMakeFiles/CMakeTmp/testCCompiler.c
Linking C executable cmTC_5686b
/usr/bin/cmake3 -E cmake_link_script CMakeFiles/cmTC_5686b.dir/link.txt --verbose=1
/pixar/d2/sets/vfx2022.003/bin/gcc      CMakeFiles/cmTC_5686b.dir/testCCompiler.c.o  -o cmTC_5686b 
gmake[1]: Leaving directory `/home/clachanski/trees/OpenUSD_Vulkan/build/CMakeFiles/CMakeTmp'



Detecting C compiler ABI info compiled with the following output:
Change Dir: /home/clachanski/trees/OpenUSD_Vulkan/build/CMakeFiles/CMakeTmp

Run Build Command(s):/bin/gmake cmTC_a7ab6/fast && /bin/gmake  -f CMakeFiles/cmTC_a7ab6.dir/build.make CMakeFiles/cmTC_a7ab6.dir/build
gmake[1]: Entering directory `/home/clachanski/trees/OpenUSD_Vulkan/build/CMakeFiles/CMakeTmp'
Building C object CMakeFiles/cmTC_a7ab6.dir/CMakeCCompilerABI.c.o
/pixar/d2/sets/vfx2022.003/bin/gcc   -v -o CMakeFiles/cmTC_a7ab6.dir/CMakeCCompilerABI.c.o   -c /usr/share/cmake3/Modules/CMakeCCompilerABI.c
Using built-in specs.
COLLECT_GCC=/opt/rh/devtoolset-9/root/bin/gcc
Target: x86_64-redhat-linux
Configured with: ../configure --enable-bootstrap --enable-languages=c,c++,fortran,lto --prefix=/opt/rh/devtoolset-9/root/usr --mandir=/opt/rh/devtoolset-9/root/usr/share/man --infodir=/opt/rh/devtoolset-9/root/usr/share/info --with-bugurl=http://bugzilla.redhat.com/bugzilla --enable-shared --enable-threads=posix --enable-checking=release --enable-multilib --with-system-zlib --enable-__cxa_atexit --disable-libunwind-exceptions --enable-gnu-unique-object --enable-linker-build-id --with-gcc-major-version-only --with-linker-hash-style=gnu --with-default-libstdcxx-abi=gcc4-compatible --enable-plugin --enable-initfini-array --with-isl=/builddir/build/BUILD/gcc-9.3.1-20200408/obj-x86_64-redhat-linux/isl-install --disable-libmpx --enable-gnu-indirect-function --with-tune=generic --with-arch_32=x86-64 --build=x86_64-redhat-linux
Thread model: posix
gcc version 9.3.1 20200408 (Red Hat 9.3.1-2) (GCC) 
COLLECT_GCC_OPTIONS='-v' '-o' 'CMakeFiles/cmTC_a7ab6.dir/CMakeCCompilerABI.c.o' '-c' '-mtune=generic' '-march=x86-64'
 /opt/rh/devtoolset-9/root/usr/libexec/gcc/x86_64-redhat-linux/9/cc1 -quiet -v /usr/share/cmake3/Modules/CMakeCCompilerABI.c -quiet -dumpbase CMakeCCompilerABI.c -mtune=generic -march=x86-64 -auxbase-strip CMakeFiles/cmTC_a7ab6.dir/CMakeCCompilerABI.c.o -version -o /scratch/tmp/ccIiuRze.s
GNU C17 (GCC) version 9.3.1 20200408 (Red Hat 9.3.1-2) (x86_64-redhat-linux)
	compiled by GNU C version 9.3.1 20200408 (Red Hat 9.3.1-2), GMP version 6.0.0, MPFR version 3.1.1, MPC version 1.0.1, isl version isl-0.16.1-GMP

GGC heuristics: --param ggc-min-expand=100 --param ggc-min-heapsize=131072
ignoring nonexistent directory "/opt/rh/devtoolset-9/root/usr/lib/gcc/x86_64-redhat-linux/9/include-fixed"
ignoring nonexistent directory "/opt/rh/devtoolset-9/root/usr/lib/gcc/x86_64-redhat-linux/9/../../../../x86_64-redhat-linux/include"
#include "..." search starts here:
#include <...> search starts here:
 /opt/rh/devtoolset-9/root/usr/lib/gcc/x86_64-redhat-linux/9/include
 /usr/local/include
 /opt/rh/devtoolset-9/root/usr/include
 /usr/include
End of search list.
GNU C17 (GCC) version 9.3.1 20200408 (Red Hat 9.3.1-2) (x86_64-redhat-linux)
	compiled by GNU C version 9.3.1 20200408 (Red Hat 9.3.1-2), GMP version 6.0.0, MPFR version 3.1.1, MPC version 1.0.1, isl version isl-0.16.1-GMP

GGC heuristics: --param ggc-min-expand=100 --param ggc-min-heapsize=131072
Compiler executable checksum: 2f7e25db9437d5252dfe6fae9c49b250
COLLECT_GCC_OPTIONS='-v' '-o' 'CMakeFiles/cmTC_a7ab6.dir/CMakeCCompilerABI.c.o' '-c' '-mtune=generic' '-march=x86-64'
 /opt/rh/devtoolset-9/root/usr/libexec/gcc/x86_64-redhat-linux/9/as -v --64 -o CMakeFiles/cmTC_a7ab6.dir/CMakeCCompilerABI.c.o /scratch/tmp/ccIiuRze.s
GNU assembler version 2.32 (x86_64-redhat-linux) using BFD version version 2.32-16.el7
COMPILER_PATH=/opt/rh/devtoolset-9/root/usr/libexec/gcc/x86_64-redhat-linux/9/:/opt/rh/devtoolset-9/root/usr/libexec/gcc/x86_64-redhat-linux/9/:/opt/rh/devtoolset-9/root/usr/libexec/gcc/x86_64-redhat-linux/:/opt/rh/devtoolset-9/root/usr/lib/gcc/x86_64-redhat-linux/9/:/opt/rh/devtoolset-9/root/usr/lib/gcc/x86_64-redhat-linux/
LIBRARY_PATH=/opt/rh/devtoolset-9/root/usr/lib/gcc/x86_64-redhat-linux/9/:/opt/rh/devtoolset-9/root/usr/lib/gcc/x86_64-redhat-linux/9/../../../../lib64/:/lib/../lib64/:/usr/lib/../lib64/:/opt/rh/devtoolset-9/root/usr/lib/gcc/x86_64-redhat-linux/9/../../../:/lib/:/usr/lib/
COLLECT_GCC_OPTIONS='-v' '-o' 'CMakeFiles/cmTC_a7ab6.dir/CMakeCCompilerABI.c.o' '-c' '-mtune=generic' '-march=x86-64'
Linking C executable cmTC_a7ab6
/usr/bin/cmake3 -E cmake_link_script CMakeFiles/cmTC_a7ab6.dir/link.txt --verbose=1
/pixar/d2/sets/vfx2022.003/bin/gcc     -v CMakeFiles/cmTC_a7ab6.dir/CMakeCCompilerABI.c.o  -o cmTC_a7ab6 
Using built-in specs.
COLLECT_GCC=/opt/rh/devtoolset-9/root/bin/gcc
COLLECT_LTO_WRAPPER=/opt/rh/devtoolset-9/root/usr/libexec/gcc/x86_64-redhat-linux/9/lto-wrapper
Target: x86_64-redhat-linux
Configured with: ../configure --enable-bootstrap --enable-languages=c,c++,fortran,lto --prefix=/opt/rh/devtoolset-9/root/usr --mandir=/opt/rh/devtoolset-9/root/usr/share/man --infodir=/opt/rh/devtoolset-9/root/usr/share/info --with-bugurl=http://bugzilla.redhat.com/bugzilla --enable-shared --enable-threads=posix --enable-checking=release --enable-multilib --with-system-zlib --enable-__cxa_atexit --disable-libunwind-exceptions --enable-gnu-unique-object --enable-linker-build-id --with-gcc-major-version-only --with-linker-hash-style=gnu --with-default-libstdcxx-abi=gcc4-compatible --enable-plugin --enable-initfini-array --with-isl=/builddir/build/BUILD/gcc-9.3.1-20200408/obj-x86_64-redhat-linux/isl-install --disable-libmpx --enable-gnu-indirect-function --with-tune=generic --with-arch_32=x86-64 --build=x86_64-redhat-linux
Thread model: posix
gcc version 9.3.1 20200408 (Red Hat 9.3.1-2) (GCC) 
COMPILER_PATH=/opt/rh/devtoolset-9/root/usr/libexec/gcc/x86_64-redhat-linux/9/:/opt/rh/devtoolset-9/root/usr/libexec/gcc/x86_64-redhat-linux/9/:/opt/rh/devtoolset-9/root/usr/libexec/gcc/x86_64-redhat-linux/:/opt/rh/devtoolset-9/root/usr/lib/gcc/x86_64-redhat-linux/9/:/opt/rh/devtoolset-9/root/usr/lib/gcc/x86_64-redhat-linux/
LIBRARY_PATH=/opt/rh/devtoolset-9/root/usr/lib/gcc/x86_64-redhat-linux/9/:/opt/rh/devtoolset-9/root/usr/lib/gcc/x86_64-redhat-linux/9/../../../../lib64/:/lib/../lib64/:/usr/lib/../lib64/:/opt/rh/devtoolset-9/root/usr/lib/gcc/x86_64-redhat-linux/9/../../../:/lib/:/usr/lib/
COLLECT_GCC_OPTIONS='-v' '-o' 'cmTC_a7ab6' '-mtune=generic' '-march=x86-64'
 /opt/rh/devtoolset-9/root/usr/libexec/gcc/x86_64-redhat-linux/9/collect2 -plugin /opt/rh/devtoolset-9/root/usr/libexec/gcc/x86_64-redhat-linux/9/liblto_plugin.so -plugin-opt=/opt/rh/devtoolset-9/root/usr/libexec/gcc/x86_64-redhat-linux/9/lto-wrapper -plugin-opt=-fresolution=/scratch/tmp/ccj5Qqeh.res -plugin-opt=-pass-through=-lgcc -plugin-opt=-pass-through=-lgcc_s -plugin-opt=-pass-through=-lc -plugin-opt=-pass-through=-lgcc -plugin-opt=-pass-through=-lgcc_s --build-id --no-add-needed --eh-frame-hdr --hash-style=gnu -m elf_x86_64 -dynamic-linker /lib64/ld-linux-x86-64.so.2 -o cmTC_a7ab6 /lib/../lib64/crt1.o /lib/../lib64/crti.o /opt/rh/devtoolset-9/root/usr/lib/gcc/x86_64-redhat-linux/9/crtbegin.o -L/opt/rh/devtoolset-9/root/usr/lib/gcc/x86_64-redhat-linux/9 -L/opt/rh/devtoolset-9/root/usr/lib/gcc/x86_64-redhat-linux/9/../../../../lib64 -L/lib/../lib64 -L/usr/lib/../lib64 -L/opt/rh/devtoolset-9/root/usr/lib/gcc/x86_64-redhat-linux/9/../../.. CMakeFiles/cmTC_a7ab6.dir/CMakeCCompilerABI.c.o -lgcc --push-state --as-needed -lgcc_s --pop-state -lc -lgcc --push-state --as-needed -lgcc_s --pop-state /opt/rh/devtoolset-9/root/usr/lib/gcc/x86_64-redhat-linux/9/crtend.o /lib/../lib64/crtn.o
COLLECT_GCC_OPTIONS='-v' '-o' 'cmTC_a7ab6' '-mtune=generic' '-march=x86-64'
gmake[1]: Leaving directory `/home/clachanski/trees/OpenUSD_Vulkan/build/CMakeFiles/CMakeTmp'



Parsed C implicit include dir info from above output: rv=done
  found start of include info
  found start of implicit include info
    add: [/opt/rh/devtoolset-9/root/usr/lib/gcc/x86_64-redhat-linux/9/include]
    add: [/usr/local/include]
    add: [/opt/rh/devtoolset-9/root/usr/include]
    add: [/usr/include]
  end of search list found
  collapse include dir [/opt/rh/devtoolset-9/root/usr/lib/gcc/x86_64-redhat-linux/9/include] ==> [/opt/rh/devtoolset-9/root/usr/lib/gcc/x86_64-redhat-linux/9/include]
  collapse include dir [/usr/local/include] ==> [/usr/local/include]
  collapse include dir [/opt/rh/devtoolset-9/root/usr/include] ==> [/opt/rh/devtoolset-9/root/usr/include]
  collapse include dir [/usr/include] ==> [/usr/include]
  implicit include dirs: [/opt/rh/devtoolset-9/root/usr/lib/gcc/x86_64-redhat-linux/9/include;/usr/local/include;/opt/rh/devtoolset-9/root/usr/include;/usr/include]


Parsed C implicit link information from above output:
  link line regex: [^( *|.*[/\])(ld|CMAKE_LINK_STARTFILE-NOTFOUND|([^/\]+-)?ld|collect2)[^/\]*( |$)]
  ignore line: [Change Dir: /home/clachanski/trees/OpenUSD_Vulkan/build/CMakeFiles/CMakeTmp]
  ignore line: []
  ignore line: [Run Build Command(s):/bin/gmake cmTC_a7ab6/fast && /bin/gmake  -f CMakeFiles/cmTC_a7ab6.dir/build.make CMakeFiles/cmTC_a7ab6.dir/build]
  ignore line: [gmake[1]: Entering directory `/home/clachanski/trees/OpenUSD_Vulkan/build/CMakeFiles/CMakeTmp']
  ignore line: [Building C object CMakeFiles/cmTC_a7ab6.dir/CMakeCCompilerABI.c.o]
  ignore line: [/pixar/d2/sets/vfx2022.003/bin/gcc   -v -o CMakeFiles/cmTC_a7ab6.dir/CMakeCCompilerABI.c.o   -c /usr/share/cmake3/Modules/CMakeCCompilerABI.c]
  ignore line: [Using built-in specs.]
  ignore line: [COLLECT_GCC=/opt/rh/devtoolset-9/root/bin/gcc]
  ignore line: [Target: x86_64-redhat-linux]
  ignore line: [Configured with: ../configure --enable-bootstrap --enable-languages=c c++ fortran lto --prefix=/opt/rh/devtoolset-9/root/usr --mandir=/opt/rh/devtoolset-9/root/usr/share/man --infodir=/opt/rh/devtoolset-9/root/usr/share/info --with-bugurl=http://bugzilla.redhat.com/bugzilla --enable-shared --enable-threads=posix --enable-checking=release --enable-multilib --with-system-zlib --enable-__cxa_atexit --disable-libunwind-exceptions --enable-gnu-unique-object --enable-linker-build-id --with-gcc-major-version-only --with-linker-hash-style=gnu --with-default-libstdcxx-abi=gcc4-compatible --enable-plugin --enable-initfini-array --with-isl=/builddir/build/BUILD/gcc-9.3.1-20200408/obj-x86_64-redhat-linux/isl-install --disable-libmpx --enable-gnu-indirect-function --with-tune=generic --with-arch_32=x86-64 --build=x86_64-redhat-linux]
  ignore line: [Thread model: posix]
  ignore line: [gcc version 9.3.1 20200408 (Red Hat 9.3.1-2) (GCC) ]
  ignore line: [COLLECT_GCC_OPTIONS='-v' '-o' 'CMakeFiles/cmTC_a7ab6.dir/CMakeCCompilerABI.c.o' '-c' '-mtune=generic' '-march=x86-64']
  ignore line: [ /opt/rh/devtoolset-9/root/usr/libexec/gcc/x86_64-redhat-linux/9/cc1 -quiet -v /usr/share/cmake3/Modules/CMakeCCompilerABI.c -quiet -dumpbase CMakeCCompilerABI.c -mtune=generic -march=x86-64 -auxbase-strip CMakeFiles/cmTC_a7ab6.dir/CMakeCCompilerABI.c.o -version -o /scratch/tmp/ccIiuRze.s]
  ignore line: [GNU C17 (GCC) version 9.3.1 20200408 (Red Hat 9.3.1-2) (x86_64-redhat-linux)]
  ignore line: [	compiled by GNU C version 9.3.1 20200408 (Red Hat 9.3.1-2)  GMP version 6.0.0  MPFR version 3.1.1  MPC version 1.0.1  isl version isl-0.16.1-GMP]
  ignore line: []
  ignore line: [GGC heuristics: --param ggc-min-expand=100 --param ggc-min-heapsize=131072]
  ignore line: [ignoring nonexistent directory "/opt/rh/devtoolset-9/root/usr/lib/gcc/x86_64-redhat-linux/9/include-fixed"]
  ignore line: [ignoring nonexistent directory "/opt/rh/devtoolset-9/root/usr/lib/gcc/x86_64-redhat-linux/9/../../../../x86_64-redhat-linux/include"]
  ignore line: [#include "..." search starts here:]
  ignore line: [#include <...> search starts here:]
  ignore line: [ /opt/rh/devtoolset-9/root/usr/lib/gcc/x86_64-redhat-linux/9/include]
  ignore line: [ /usr/local/include]
  ignore line: [ /opt/rh/devtoolset-9/root/usr/include]
  ignore line: [ /usr/include]
  ignore line: [End of search list.]
  ignore line: [GNU C17 (GCC) version 9.3.1 20200408 (Red Hat 9.3.1-2) (x86_64-redhat-linux)]
  ignore line: [	compiled by GNU C version 9.3.1 20200408 (Red Hat 9.3.1-2)  GMP version 6.0.0  MPFR version 3.1.1  MPC version 1.0.1  isl version isl-0.16.1-GMP]
  ignore line: []
  ignore line: [GGC heuristics: --param ggc-min-expand=100 --param ggc-min-heapsize=131072]
  ignore line: [Compiler executable checksum: 2f7e25db9437d5252dfe6fae9c49b250]
  ignore line: [COLLECT_GCC_OPTIONS='-v' '-o' 'CMakeFiles/cmTC_a7ab6.dir/CMakeCCompilerABI.c.o' '-c' '-mtune=generic' '-march=x86-64']
  ignore line: [ /opt/rh/devtoolset-9/root/usr/libexec/gcc/x86_64-redhat-linux/9/as -v --64 -o CMakeFiles/cmTC_a7ab6.dir/CMakeCCompilerABI.c.o /scratch/tmp/ccIiuRze.s]
  ignore line: [GNU assembler version 2.32 (x86_64-redhat-linux) using BFD version version 2.32-16.el7]
  ignore line: [COMPILER_PATH=/opt/rh/devtoolset-9/root/usr/libexec/gcc/x86_64-redhat-linux/9/:/opt/rh/devtoolset-9/root/usr/libexec/gcc/x86_64-redhat-linux/9/:/opt/rh/devtoolset-9/root/usr/libexec/gcc/x86_64-redhat-linux/:/opt/rh/devtoolset-9/root/usr/lib/gcc/x86_64-redhat-linux/9/:/opt/rh/devtoolset-9/root/usr/lib/gcc/x86_64-redhat-linux/]
  ignore line: [LIBRARY_PATH=/opt/rh/devtoolset-9/root/usr/lib/gcc/x86_64-redhat-linux/9/:/opt/rh/devtoolset-9/root/usr/lib/gcc/x86_64-redhat-linux/9/../../../../lib64/:/lib/../lib64/:/usr/lib/../lib64/:/opt/rh/devtoolset-9/root/usr/lib/gcc/x86_64-redhat-linux/9/../../../:/lib/:/usr/lib/]
  ignore line: [COLLECT_GCC_OPTIONS='-v' '-o' 'CMakeFiles/cmTC_a7ab6.dir/CMakeCCompilerABI.c.o' '-c' '-mtune=generic' '-march=x86-64']
  ignore line: [Linking C executable cmTC_a7ab6]
  ignore line: [/usr/bin/cmake3 -E cmake_link_script CMakeFiles/cmTC_a7ab6.dir/link.txt --verbose=1]
  ignore line: [/pixar/d2/sets/vfx2022.003/bin/gcc     -v CMakeFiles/cmTC_a7ab6.dir/CMakeCCompilerABI.c.o  -o cmTC_a7ab6 ]
  ignore line: [Using built-in specs.]
  ignore line: [COLLECT_GCC=/opt/rh/devtoolset-9/root/bin/gcc]
  ignore line: [COLLECT_LTO_WRAPPER=/opt/rh/devtoolset-9/root/usr/libexec/gcc/x86_64-redhat-linux/9/lto-wrapper]
  ignore line: [Target: x86_64-redhat-linux]
  ignore line: [Configured with: ../configure --enable-bootstrap --enable-languages=c c++ fortran lto --prefix=/opt/rh/devtoolset-9/root/usr --mandir=/opt/rh/devtoolset-9/root/usr/share/man --infodir=/opt/rh/devtoolset-9/root/usr/share/info --with-bugurl=http://bugzilla.redhat.com/bugzilla --enable-shared --enable-threads=posix --enable-checking=release --enable-multilib --with-system-zlib --enable-__cxa_atexit --disable-libunwind-exceptions --enable-gnu-unique-object --enable-linker-build-id --with-gcc-major-version-only --with-linker-hash-style=gnu --with-default-libstdcxx-abi=gcc4-compatible --enable-plugin --enable-initfini-array --with-isl=/builddir/build/BUILD/gcc-9.3.1-20200408/obj-x86_64-redhat-linux/isl-install --disable-libmpx --enable-gnu-indirect-function --with-tune=generic --with-arch_32=x86-64 --build=x86_64-redhat-linux]
  ignore line: [Thread model: posix]
  ignore line: [gcc version 9.3.1 20200408 (Red Hat 9.3.1-2) (GCC) ]
  ignore line: [COMPILER_PATH=/opt/rh/devtoolset-9/root/usr/libexec/gcc/x86_64-redhat-linux/9/:/opt/rh/devtoolset-9/root/usr/libexec/gcc/x86_64-redhat-linux/9/:/opt/rh/devtoolset-9/root/usr/libexec/gcc/x86_64-redhat-linux/:/opt/rh/devtoolset-9/root/usr/lib/gcc/x86_64-redhat-linux/9/:/opt/rh/devtoolset-9/root/usr/lib/gcc/x86_64-redhat-linux/]
  ignore line: [LIBRARY_PATH=/opt/rh/devtoolset-9/root/usr/lib/gcc/x86_64-redhat-linux/9/:/opt/rh/devtoolset-9/root/usr/lib/gcc/x86_64-redhat-linux/9/../../../../lib64/:/lib/../lib64/:/usr/lib/../lib64/:/opt/rh/devtoolset-9/root/usr/lib/gcc/x86_64-redhat-linux/9/../../../:/lib/:/usr/lib/]
  ignore line: [COLLECT_GCC_OPTIONS='-v' '-o' 'cmTC_a7ab6' '-mtune=generic' '-march=x86-64']
  link line: [ /opt/rh/devtoolset-9/root/usr/libexec/gcc/x86_64-redhat-linux/9/collect2 -plugin /opt/rh/devtoolset-9/root/usr/libexec/gcc/x86_64-redhat-linux/9/liblto_plugin.so -plugin-opt=/opt/rh/devtoolset-9/root/usr/libexec/gcc/x86_64-redhat-linux/9/lto-wrapper -plugin-opt=-fresolution=/scratch/tmp/ccj5Qqeh.res -plugin-opt=-pass-through=-lgcc -plugin-opt=-pass-through=-lgcc_s -plugin-opt=-pass-through=-lc -plugin-opt=-pass-through=-lgcc -plugin-opt=-pass-through=-lgcc_s --build-id --no-add-needed --eh-frame-hdr --hash-style=gnu -m elf_x86_64 -dynamic-linker /lib64/ld-linux-x86-64.so.2 -o cmTC_a7ab6 /lib/../lib64/crt1.o /lib/../lib64/crti.o /opt/rh/devtoolset-9/root/usr/lib/gcc/x86_64-redhat-linux/9/crtbegin.o -L/opt/rh/devtoolset-9/root/usr/lib/gcc/x86_64-redhat-linux/9 -L/opt/rh/devtoolset-9/root/usr/lib/gcc/x86_64-redhat-linux/9/../../../../lib64 -L/lib/../lib64 -L/usr/lib/../lib64 -L/opt/rh/devtoolset-9/root/usr/lib/gcc/x86_64-redhat-linux/9/../../.. CMakeFiles/cmTC_a7ab6.dir/CMakeCCompilerABI.c.o -lgcc --push-state --as-needed -lgcc_s --pop-state -lc -lgcc --push-state --as-needed -lgcc_s --pop-state /opt/rh/devtoolset-9/root/usr/lib/gcc/x86_64-redhat-linux/9/crtend.o /lib/../lib64/crtn.o]
    arg [/opt/rh/devtoolset-9/root/usr/libexec/gcc/x86_64-redhat-linux/9/collect2] ==> ignore
    arg [-plugin] ==> ignore
    arg [/opt/rh/devtoolset-9/root/usr/libexec/gcc/x86_64-redhat-linux/9/liblto_plugin.so] ==> ignore
    arg [-plugin-opt=/opt/rh/devtoolset-9/root/usr/libexec/gcc/x86_64-redhat-linux/9/lto-wrapper] ==> ignore
    arg [-plugin-opt=-fresolution=/scratch/tmp/ccj5Qqeh.res] ==> ignore
    arg [-plugin-opt=-pass-through=-lgcc] ==> ignore
    arg [-plugin-opt=-pass-through=-lgcc_s] ==> ignore
    arg [-plugin-opt=-pass-through=-lc] ==> ignore
    arg [-plugin-opt=-pass-through=-lgcc] ==> ignore
    arg [-plugin-opt=-pass-through=-lgcc_s] ==> ignore
    arg [--build-id] ==> ignore
    arg [--no-add-needed] ==> ignore
    arg [--eh-frame-hdr] ==> ignore
    arg [--hash-style=gnu] ==> ignore
    arg [-m] ==> ignore
    arg [elf_x86_64] ==> ignore
    arg [-dynamic-linker] ==> ignore
    arg [/lib64/ld-linux-x86-64.so.2] ==> ignore
    arg [-o] ==> ignore
    arg [cmTC_a7ab6] ==> ignore
    arg [/lib/../lib64/crt1.o] ==> ignore
    arg [/lib/../lib64/crti.o] ==> ignore
    arg [/opt/rh/devtoolset-9/root/usr/lib/gcc/x86_64-redhat-linux/9/crtbegin.o] ==> ignore
    arg [-L/opt/rh/devtoolset-9/root/usr/lib/gcc/x86_64-redhat-linux/9] ==> dir [/opt/rh/devtoolset-9/root/usr/lib/gcc/x86_64-redhat-linux/9]
    arg [-L/opt/rh/devtoolset-9/root/usr/lib/gcc/x86_64-redhat-linux/9/../../../../lib64] ==> dir [/opt/rh/devtoolset-9/root/usr/lib/gcc/x86_64-redhat-linux/9/../../../../lib64]
    arg [-L/lib/../lib64] ==> dir [/lib/../lib64]
    arg [-L/usr/lib/../lib64] ==> dir [/usr/lib/../lib64]
    arg [-L/opt/rh/devtoolset-9/root/usr/lib/gcc/x86_64-redhat-linux/9/../../..] ==> dir [/opt/rh/devtoolset-9/root/usr/lib/gcc/x86_64-redhat-linux/9/../../..]
    arg [CMakeFiles/cmTC_a7ab6.dir/CMakeCCompilerABI.c.o] ==> ignore
    arg [-lgcc] ==> lib [gcc]
    arg [--push-state] ==> ignore
    arg [--as-needed] ==> ignore
    arg [-lgcc_s] ==> lib [gcc_s]
    arg [--pop-state] ==> ignore
    arg [-lc] ==> lib [c]
    arg [-lgcc] ==> lib [gcc]
    arg [--push-state] ==> ignore
    arg [--as-needed] ==> ignore
    arg [-lgcc_s] ==> lib [gcc_s]
    arg [--pop-state] ==> ignore
    arg [/opt/rh/devtoolset-9/root/usr/lib/gcc/x86_64-redhat-linux/9/crtend.o] ==> ignore
    arg [/lib/../lib64/crtn.o] ==> ignore
  collapse library dir [/opt/rh/devtoolset-9/root/usr/lib/gcc/x86_64-redhat-linux/9] ==> [/opt/rh/devtoolset-9/root/usr/lib/gcc/x86_64-redhat-linux/9]
  collapse library dir [/opt/rh/devtoolset-9/root/usr/lib/gcc/x86_64-redhat-linux/9/../../../../lib64] ==> [/opt/rh/devtoolset-9/root/usr/lib64]
  collapse library dir [/lib/../lib64] ==> [/lib64]
  collapse library dir [/usr/lib/../lib64] ==> [/usr/lib64]
  collapse library dir [/opt/rh/devtoolset-9/root/usr/lib/gcc/x86_64-redhat-linux/9/../../..] ==> [/opt/rh/devtoolset-9/root/usr/lib]
  implicit libs: [gcc;gcc_s;c;gcc;gcc_s]
  implicit dirs: [/opt/rh/devtoolset-9/root/usr/lib/gcc/x86_64-redhat-linux/9;/opt/rh/devtoolset-9/root/usr/lib64;/lib64;/usr/lib64;/opt/rh/devtoolset-9/root/usr/lib]
  implicit fwks: []


Determining if the CXX compiler works passed with the following output:
Change Dir: /home/clachanski/trees/OpenUSD_Vulkan/build/CMakeFiles/CMakeTmp

Run Build Command(s):/bin/gmake cmTC_42a97/fast && /bin/gmake  -f CMakeFiles/cmTC_42a97.dir/build.make CMakeFiles/cmTC_42a97.dir/build
gmake[1]: Entering directory `/home/clachanski/trees/OpenUSD_Vulkan/build/CMakeFiles/CMakeTmp'
Building CXX object CMakeFiles/cmTC_42a97.dir/testCXXCompiler.cxx.o
/pixar/d2/sets/vfx2022.003/bin/g++     -o CMakeFiles/cmTC_42a97.dir/testCXXCompiler.cxx.o -c /home/clachanski/trees/OpenUSD_Vulkan/build/CMakeFiles/CMakeTmp/testCXXCompiler.cxx
Linking CXX executable cmTC_42a97
/usr/bin/cmake3 -E cmake_link_script CMakeFiles/cmTC_42a97.dir/link.txt --verbose=1
/pixar/d2/sets/vfx2022.003/bin/g++       CMakeFiles/cmTC_42a97.dir/testCXXCompiler.cxx.o  -o cmTC_42a97 
gmake[1]: Leaving directory `/home/clachanski/trees/OpenUSD_Vulkan/build/CMakeFiles/CMakeTmp'



Detecting CXX compiler ABI info compiled with the following output:
Change Dir: /home/clachanski/trees/OpenUSD_Vulkan/build/CMakeFiles/CMakeTmp

Run Build Command(s):/bin/gmake cmTC_2be13/fast && /bin/gmake  -f CMakeFiles/cmTC_2be13.dir/build.make CMakeFiles/cmTC_2be13.dir/build
gmake[1]: Entering directory `/home/clachanski/trees/OpenUSD_Vulkan/build/CMakeFiles/CMakeTmp'
Building CXX object CMakeFiles/cmTC_2be13.dir/CMakeCXXCompilerABI.cpp.o
/pixar/d2/sets/vfx2022.003/bin/g++    -v -o CMakeFiles/cmTC_2be13.dir/CMakeCXXCompilerABI.cpp.o -c /usr/share/cmake3/Modules/CMakeCXXCompilerABI.cpp
Using built-in specs.
COLLECT_GCC=/opt/rh/devtoolset-9/root/bin/g++
Target: x86_64-redhat-linux
Configured with: ../configure --enable-bootstrap --enable-languages=c,c++,fortran,lto --prefix=/opt/rh/devtoolset-9/root/usr --mandir=/opt/rh/devtoolset-9/root/usr/share/man --infodir=/opt/rh/devtoolset-9/root/usr/share/info --with-bugurl=http://bugzilla.redhat.com/bugzilla --enable-shared --enable-threads=posix --enable-checking=release --enable-multilib --with-system-zlib --enable-__cxa_atexit --disable-libunwind-exceptions --enable-gnu-unique-object --enable-linker-build-id --with-gcc-major-version-only --with-linker-hash-style=gnu --with-default-libstdcxx-abi=gcc4-compatible --enable-plugin --enable-initfini-array --with-isl=/builddir/build/BUILD/gcc-9.3.1-20200408/obj-x86_64-redhat-linux/isl-install --disable-libmpx --enable-gnu-indirect-function --with-tune=generic --with-arch_32=x86-64 --build=x86_64-redhat-linux
Thread model: posix
gcc version 9.3.1 20200408 (Red Hat 9.3.1-2) (GCC) 
COLLECT_GCC_OPTIONS='-v' '-o' 'CMakeFiles/cmTC_2be13.dir/CMakeCXXCompilerABI.cpp.o' '-c' '-shared-libgcc' '-mtune=generic' '-march=x86-64'
 /opt/rh/devtoolset-9/root/usr/libexec/gcc/x86_64-redhat-linux/9/cc1plus -quiet -v -D_GNU_SOURCE /usr/share/cmake3/Modules/CMakeCXXCompilerABI.cpp -quiet -dumpbase CMakeCXXCompilerABI.cpp -mtune=generic -march=x86-64 -auxbase-strip CMakeFiles/cmTC_2be13.dir/CMakeCXXCompilerABI.cpp.o -version -o /scratch/tmp/ccT8Aqur.s
GNU C++14 (GCC) version 9.3.1 20200408 (Red Hat 9.3.1-2) (x86_64-redhat-linux)
	compiled by GNU C version 9.3.1 20200408 (Red Hat 9.3.1-2), GMP version 6.0.0, MPFR version 3.1.1, MPC version 1.0.1, isl version isl-0.16.1-GMP

GGC heuristics: --param ggc-min-expand=100 --param ggc-min-heapsize=131072
ignoring nonexistent directory "/opt/rh/devtoolset-9/root/usr/lib/gcc/x86_64-redhat-linux/9/include-fixed"
ignoring nonexistent directory "/opt/rh/devtoolset-9/root/usr/lib/gcc/x86_64-redhat-linux/9/../../../../x86_64-redhat-linux/include"
#include "..." search starts here:
#include <...> search starts here:
 /opt/rh/devtoolset-9/root/usr/lib/gcc/x86_64-redhat-linux/9/../../../../include/c++/9
 /opt/rh/devtoolset-9/root/usr/lib/gcc/x86_64-redhat-linux/9/../../../../include/c++/9/x86_64-redhat-linux
 /opt/rh/devtoolset-9/root/usr/lib/gcc/x86_64-redhat-linux/9/../../../../include/c++/9/backward
 /opt/rh/devtoolset-9/root/usr/lib/gcc/x86_64-redhat-linux/9/include
 /usr/local/include
 /opt/rh/devtoolset-9/root/usr/include
 /usr/include
End of search list.
GNU C++14 (GCC) version 9.3.1 20200408 (Red Hat 9.3.1-2) (x86_64-redhat-linux)
	compiled by GNU C version 9.3.1 20200408 (Red Hat 9.3.1-2), GMP version 6.0.0, MPFR version 3.1.1, MPC version 1.0.1, isl version isl-0.16.1-GMP

GGC heuristics: --param ggc-min-expand=100 --param ggc-min-heapsize=131072
Compiler executable checksum: fb46e9dfa60d92ebab9c08260825fb40
COLLECT_GCC_OPTIONS='-v' '-o' 'CMakeFiles/cmTC_2be13.dir/CMakeCXXCompilerABI.cpp.o' '-c' '-shared-libgcc' '-mtune=generic' '-march=x86-64'
 /opt/rh/devtoolset-9/root/usr/libexec/gcc/x86_64-redhat-linux/9/as -v --64 -o CMakeFiles/cmTC_2be13.dir/CMakeCXXCompilerABI.cpp.o /scratch/tmp/ccT8Aqur.s
GNU assembler version 2.32 (x86_64-redhat-linux) using BFD version version 2.32-16.el7
COMPILER_PATH=/opt/rh/devtoolset-9/root/usr/libexec/gcc/x86_64-redhat-linux/9/:/opt/rh/devtoolset-9/root/usr/libexec/gcc/x86_64-redhat-linux/9/:/opt/rh/devtoolset-9/root/usr/libexec/gcc/x86_64-redhat-linux/:/opt/rh/devtoolset-9/root/usr/lib/gcc/x86_64-redhat-linux/9/:/opt/rh/devtoolset-9/root/usr/lib/gcc/x86_64-redhat-linux/
LIBRARY_PATH=/opt/rh/devtoolset-9/root/usr/lib/gcc/x86_64-redhat-linux/9/:/opt/rh/devtoolset-9/root/usr/lib/gcc/x86_64-redhat-linux/9/../../../../lib64/:/lib/../lib64/:/usr/lib/../lib64/:/opt/rh/devtoolset-9/root/usr/lib/gcc/x86_64-redhat-linux/9/../../../:/lib/:/usr/lib/
COLLECT_GCC_OPTIONS='-v' '-o' 'CMakeFiles/cmTC_2be13.dir/CMakeCXXCompilerABI.cpp.o' '-c' '-shared-libgcc' '-mtune=generic' '-march=x86-64'
Linking CXX executable cmTC_2be13
/usr/bin/cmake3 -E cmake_link_script CMakeFiles/cmTC_2be13.dir/link.txt --verbose=1
/pixar/d2/sets/vfx2022.003/bin/g++      -v CMakeFiles/cmTC_2be13.dir/CMakeCXXCompilerABI.cpp.o  -o cmTC_2be13 
Using built-in specs.
COLLECT_GCC=/opt/rh/devtoolset-9/root/bin/g++
COLLECT_LTO_WRAPPER=/opt/rh/devtoolset-9/root/usr/libexec/gcc/x86_64-redhat-linux/9/lto-wrapper
Target: x86_64-redhat-linux
Configured with: ../configure --enable-bootstrap --enable-languages=c,c++,fortran,lto --prefix=/opt/rh/devtoolset-9/root/usr --mandir=/opt/rh/devtoolset-9/root/usr/share/man --infodir=/opt/rh/devtoolset-9/root/usr/share/info --with-bugurl=http://bugzilla.redhat.com/bugzilla --enable-shared --enable-threads=posix --enable-checking=release --enable-multilib --with-system-zlib --enable-__cxa_atexit --disable-libunwind-exceptions --enable-gnu-unique-object --enable-linker-build-id --with-gcc-major-version-only --with-linker-hash-style=gnu --with-default-libstdcxx-abi=gcc4-compatible --enable-plugin --enable-initfini-array --with-isl=/builddir/build/BUILD/gcc-9.3.1-20200408/obj-x86_64-redhat-linux/isl-install --disable-libmpx --enable-gnu-indirect-function --with-tune=generic --with-arch_32=x86-64 --build=x86_64-redhat-linux
Thread model: posix
gcc version 9.3.1 20200408 (Red Hat 9.3.1-2) (GCC) 
COMPILER_PATH=/opt/rh/devtoolset-9/root/usr/libexec/gcc/x86_64-redhat-linux/9/:/opt/rh/devtoolset-9/root/usr/libexec/gcc/x86_64-redhat-linux/9/:/opt/rh/devtoolset-9/root/usr/libexec/gcc/x86_64-redhat-linux/:/opt/rh/devtoolset-9/root/usr/lib/gcc/x86_64-redhat-linux/9/:/opt/rh/devtoolset-9/root/usr/lib/gcc/x86_64-redhat-linux/
LIBRARY_PATH=/opt/rh/devtoolset-9/root/usr/lib/gcc/x86_64-redhat-linux/9/:/opt/rh/devtoolset-9/root/usr/lib/gcc/x86_64-redhat-linux/9/../../../../lib64/:/lib/../lib64/:/usr/lib/../lib64/:/opt/rh/devtoolset-9/root/usr/lib/gcc/x86_64-redhat-linux/9/../../../:/lib/:/usr/lib/
COLLECT_GCC_OPTIONS='-v' '-o' 'cmTC_2be13' '-shared-libgcc' '-mtune=generic' '-march=x86-64'
 /opt/rh/devtoolset-9/root/usr/libexec/gcc/x86_64-redhat-linux/9/collect2 -plugin /opt/rh/devtoolset-9/root/usr/libexec/gcc/x86_64-redhat-linux/9/liblto_plugin.so -plugin-opt=/opt/rh/devtoolset-9/root/usr/libexec/gcc/x86_64-redhat-linux/9/lto-wrapper -plugin-opt=-fresolution=/scratch/tmp/ccjicxju.res -plugin-opt=-pass-through=-lgcc_s -plugin-opt=-pass-through=-lgcc -plugin-opt=-pass-through=-lc -plugin-opt=-pass-through=-lgcc_s -plugin-opt=-pass-through=-lgcc --build-id --no-add-needed --eh-frame-hdr --hash-style=gnu -m elf_x86_64 -dynamic-linker /lib64/ld-linux-x86-64.so.2 -o cmTC_2be13 /lib/../lib64/crt1.o /lib/../lib64/crti.o /opt/rh/devtoolset-9/root/usr/lib/gcc/x86_64-redhat-linux/9/crtbegin.o -L/opt/rh/devtoolset-9/root/usr/lib/gcc/x86_64-redhat-linux/9 -L/opt/rh/devtoolset-9/root/usr/lib/gcc/x86_64-redhat-linux/9/../../../../lib64 -L/lib/../lib64 -L/usr/lib/../lib64 -L/opt/rh/devtoolset-9/root/usr/lib/gcc/x86_64-redhat-linux/9/../../.. CMakeFiles/cmTC_2be13.dir/CMakeCXXCompilerABI.cpp.o -lstdc++ -lm -lgcc_s -lgcc -lc -lgcc_s -lgcc /opt/rh/devtoolset-9/root/usr/lib/gcc/x86_64-redhat-linux/9/crtend.o /lib/../lib64/crtn.o
COLLECT_GCC_OPTIONS='-v' '-o' 'cmTC_2be13' '-shared-libgcc' '-mtune=generic' '-march=x86-64'
gmake[1]: Leaving directory `/home/clachanski/trees/OpenUSD_Vulkan/build/CMakeFiles/CMakeTmp'



Parsed CXX implicit include dir info from above output: rv=done
  found start of include info
  found start of implicit include info
    add: [/opt/rh/devtoolset-9/root/usr/lib/gcc/x86_64-redhat-linux/9/../../../../include/c++/9]
    add: [/opt/rh/devtoolset-9/root/usr/lib/gcc/x86_64-redhat-linux/9/../../../../include/c++/9/x86_64-redhat-linux]
    add: [/opt/rh/devtoolset-9/root/usr/lib/gcc/x86_64-redhat-linux/9/../../../../include/c++/9/backward]
    add: [/opt/rh/devtoolset-9/root/usr/lib/gcc/x86_64-redhat-linux/9/include]
    add: [/usr/local/include]
    add: [/opt/rh/devtoolset-9/root/usr/include]
    add: [/usr/include]
  end of search list found
  collapse include dir [/opt/rh/devtoolset-9/root/usr/lib/gcc/x86_64-redhat-linux/9/../../../../include/c++/9] ==> [/opt/rh/devtoolset-9/root/usr/include/c++/9]
  collapse include dir [/opt/rh/devtoolset-9/root/usr/lib/gcc/x86_64-redhat-linux/9/../../../../include/c++/9/x86_64-redhat-linux] ==> [/opt/rh/devtoolset-9/root/usr/include/c++/9/x86_64-redhat-linux]
  collapse include dir [/opt/rh/devtoolset-9/root/usr/lib/gcc/x86_64-redhat-linux/9/../../../../include/c++/9/backward] ==> [/opt/rh/devtoolset-9/root/usr/include/c++/9/backward]
  collapse include dir [/opt/rh/devtoolset-9/root/usr/lib/gcc/x86_64-redhat-linux/9/include] ==> [/opt/rh/devtoolset-9/root/usr/lib/gcc/x86_64-redhat-linux/9/include]
  collapse include dir [/usr/local/include] ==> [/usr/local/include]
  collapse include dir [/opt/rh/devtoolset-9/root/usr/include] ==> [/opt/rh/devtoolset-9/root/usr/include]
  collapse include dir [/usr/include] ==> [/usr/include]
  implicit include dirs: [/opt/rh/devtoolset-9/root/usr/include/c++/9;/opt/rh/devtoolset-9/root/usr/include/c++/9/x86_64-redhat-linux;/opt/rh/devtoolset-9/root/usr/include/c++/9/backward;/opt/rh/devtoolset-9/root/usr/lib/gcc/x86_64-redhat-linux/9/include;/usr/local/include;/opt/rh/devtoolset-9/root/usr/include;/usr/include]


Parsed CXX implicit link information from above output:
  link line regex: [^( *|.*[/\])(ld|CMAKE_LINK_STARTFILE-NOTFOUND|([^/\]+-)?ld|collect2)[^/\]*( |$)]
  ignore line: [Change Dir: /home/clachanski/trees/OpenUSD_Vulkan/build/CMakeFiles/CMakeTmp]
  ignore line: []
  ignore line: [Run Build Command(s):/bin/gmake cmTC_2be13/fast && /bin/gmake  -f CMakeFiles/cmTC_2be13.dir/build.make CMakeFiles/cmTC_2be13.dir/build]
  ignore line: [gmake[1]: Entering directory `/home/clachanski/trees/OpenUSD_Vulkan/build/CMakeFiles/CMakeTmp']
  ignore line: [Building CXX object CMakeFiles/cmTC_2be13.dir/CMakeCXXCompilerABI.cpp.o]
  ignore line: [/pixar/d2/sets/vfx2022.003/bin/g++    -v -o CMakeFiles/cmTC_2be13.dir/CMakeCXXCompilerABI.cpp.o -c /usr/share/cmake3/Modules/CMakeCXXCompilerABI.cpp]
  ignore line: [Using built-in specs.]
  ignore line: [COLLECT_GCC=/opt/rh/devtoolset-9/root/bin/g++]
  ignore line: [Target: x86_64-redhat-linux]
  ignore line: [Configured with: ../configure --enable-bootstrap --enable-languages=c c++ fortran lto --prefix=/opt/rh/devtoolset-9/root/usr --mandir=/opt/rh/devtoolset-9/root/usr/share/man --infodir=/opt/rh/devtoolset-9/root/usr/share/info --with-bugurl=http://bugzilla.redhat.com/bugzilla --enable-shared --enable-threads=posix --enable-checking=release --enable-multilib --with-system-zlib --enable-__cxa_atexit --disable-libunwind-exceptions --enable-gnu-unique-object --enable-linker-build-id --with-gcc-major-version-only --with-linker-hash-style=gnu --with-default-libstdcxx-abi=gcc4-compatible --enable-plugin --enable-initfini-array --with-isl=/builddir/build/BUILD/gcc-9.3.1-20200408/obj-x86_64-redhat-linux/isl-install --disable-libmpx --enable-gnu-indirect-function --with-tune=generic --with-arch_32=x86-64 --build=x86_64-redhat-linux]
  ignore line: [Thread model: posix]
  ignore line: [gcc version 9.3.1 20200408 (Red Hat 9.3.1-2) (GCC) ]
  ignore line: [COLLECT_GCC_OPTIONS='-v' '-o' 'CMakeFiles/cmTC_2be13.dir/CMakeCXXCompilerABI.cpp.o' '-c' '-shared-libgcc' '-mtune=generic' '-march=x86-64']
  ignore line: [ /opt/rh/devtoolset-9/root/usr/libexec/gcc/x86_64-redhat-linux/9/cc1plus -quiet -v -D_GNU_SOURCE /usr/share/cmake3/Modules/CMakeCXXCompilerABI.cpp -quiet -dumpbase CMakeCXXCompilerABI.cpp -mtune=generic -march=x86-64 -auxbase-strip CMakeFiles/cmTC_2be13.dir/CMakeCXXCompilerABI.cpp.o -version -o /scratch/tmp/ccT8Aqur.s]
  ignore line: [GNU C++14 (GCC) version 9.3.1 20200408 (Red Hat 9.3.1-2) (x86_64-redhat-linux)]
  ignore line: [	compiled by GNU C version 9.3.1 20200408 (Red Hat 9.3.1-2)  GMP version 6.0.0  MPFR version 3.1.1  MPC version 1.0.1  isl version isl-0.16.1-GMP]
  ignore line: []
  ignore line: [GGC heuristics: --param ggc-min-expand=100 --param ggc-min-heapsize=131072]
  ignore line: [ignoring nonexistent directory "/opt/rh/devtoolset-9/root/usr/lib/gcc/x86_64-redhat-linux/9/include-fixed"]
  ignore line: [ignoring nonexistent directory "/opt/rh/devtoolset-9/root/usr/lib/gcc/x86_64-redhat-linux/9/../../../../x86_64-redhat-linux/include"]
  ignore line: [#include "..." search starts here:]
  ignore line: [#include <...> search starts here:]
  ignore line: [ /opt/rh/devtoolset-9/root/usr/lib/gcc/x86_64-redhat-linux/9/../../../../include/c++/9]
  ignore line: [ /opt/rh/devtoolset-9/root/usr/lib/gcc/x86_64-redhat-linux/9/../../../../include/c++/9/x86_64-redhat-linux]
  ignore line: [ /opt/rh/devtoolset-9/root/usr/lib/gcc/x86_64-redhat-linux/9/../../../../include/c++/9/backward]
  ignore line: [ /opt/rh/devtoolset-9/root/usr/lib/gcc/x86_64-redhat-linux/9/include]
  ignore line: [ /usr/local/include]
  ignore line: [ /opt/rh/devtoolset-9/root/usr/include]
  ignore line: [ /usr/include]
  ignore line: [End of search list.]
  ignore line: [GNU C++14 (GCC) version 9.3.1 20200408 (Red Hat 9.3.1-2) (x86_64-redhat-linux)]
  ignore line: [	compiled by GNU C version 9.3.1 20200408 (Red Hat 9.3.1-2)  GMP version 6.0.0  MPFR version 3.1.1  MPC version 1.0.1  isl version isl-0.16.1-GMP]
  ignore line: []
  ignore line: [GGC heuristics: --param ggc-min-expand=100 --param ggc-min-heapsize=131072]
  ignore line: [Compiler executable checksum: fb46e9dfa60d92ebab9c08260825fb40]
  ignore line: [COLLECT_GCC_OPTIONS='-v' '-o' 'CMakeFiles/cmTC_2be13.dir/CMakeCXXCompilerABI.cpp.o' '-c' '-shared-libgcc' '-mtune=generic' '-march=x86-64']
  ignore line: [ /opt/rh/devtoolset-9/root/usr/libexec/gcc/x86_64-redhat-linux/9/as -v --64 -o CMakeFiles/cmTC_2be13.dir/CMakeCXXCompilerABI.cpp.o /scratch/tmp/ccT8Aqur.s]
  ignore line: [GNU assembler version 2.32 (x86_64-redhat-linux) using BFD version version 2.32-16.el7]
  ignore line: [COMPILER_PATH=/opt/rh/devtoolset-9/root/usr/libexec/gcc/x86_64-redhat-linux/9/:/opt/rh/devtoolset-9/root/usr/libexec/gcc/x86_64-redhat-linux/9/:/opt/rh/devtoolset-9/root/usr/libexec/gcc/x86_64-redhat-linux/:/opt/rh/devtoolset-9/root/usr/lib/gcc/x86_64-redhat-linux/9/:/opt/rh/devtoolset-9/root/usr/lib/gcc/x86_64-redhat-linux/]
  ignore line: [LIBRARY_PATH=/opt/rh/devtoolset-9/root/usr/lib/gcc/x86_64-redhat-linux/9/:/opt/rh/devtoolset-9/root/usr/lib/gcc/x86_64-redhat-linux/9/../../../../lib64/:/lib/../lib64/:/usr/lib/../lib64/:/opt/rh/devtoolset-9/root/usr/lib/gcc/x86_64-redhat-linux/9/../../../:/lib/:/usr/lib/]
  ignore line: [COLLECT_GCC_OPTIONS='-v' '-o' 'CMakeFiles/cmTC_2be13.dir/CMakeCXXCompilerABI.cpp.o' '-c' '-shared-libgcc' '-mtune=generic' '-march=x86-64']
  ignore line: [Linking CXX executable cmTC_2be13]
  ignore line: [/usr/bin/cmake3 -E cmake_link_script CMakeFiles/cmTC_2be13.dir/link.txt --verbose=1]
  ignore line: [/pixar/d2/sets/vfx2022.003/bin/g++      -v CMakeFiles/cmTC_2be13.dir/CMakeCXXCompilerABI.cpp.o  -o cmTC_2be13 ]
  ignore line: [Using built-in specs.]
  ignore line: [COLLECT_GCC=/opt/rh/devtoolset-9/root/bin/g++]
  ignore line: [COLLECT_LTO_WRAPPER=/opt/rh/devtoolset-9/root/usr/libexec/gcc/x86_64-redhat-linux/9/lto-wrapper]
  ignore line: [Target: x86_64-redhat-linux]
  ignore line: [Configured with: ../configure --enable-bootstrap --enable-languages=c c++ fortran lto --prefix=/opt/rh/devtoolset-9/root/usr --mandir=/opt/rh/devtoolset-9/root/usr/share/man --infodir=/opt/rh/devtoolset-9/root/usr/share/info --with-bugurl=http://bugzilla.redhat.com/bugzilla --enable-shared --enable-threads=posix --enable-checking=release --enable-multilib --with-system-zlib --enable-__cxa_atexit --disable-libunwind-exceptions --enable-gnu-unique-object --enable-linker-build-id --with-gcc-major-version-only --with-linker-hash-style=gnu --with-default-libstdcxx-abi=gcc4-compatible --enable-plugin --enable-initfini-array --with-isl=/builddir/build/BUILD/gcc-9.3.1-20200408/obj-x86_64-redhat-linux/isl-install --disable-libmpx --enable-gnu-indirect-function --with-tune=generic --with-arch_32=x86-64 --build=x86_64-redhat-linux]
  ignore line: [Thread model: posix]
  ignore line: [gcc version 9.3.1 20200408 (Red Hat 9.3.1-2) (GCC) ]
  ignore line: [COMPILER_PATH=/opt/rh/devtoolset-9/root/usr/libexec/gcc/x86_64-redhat-linux/9/:/opt/rh/devtoolset-9/root/usr/libexec/gcc/x86_64-redhat-linux/9/:/opt/rh/devtoolset-9/root/usr/libexec/gcc/x86_64-redhat-linux/:/opt/rh/devtoolset-9/root/usr/lib/gcc/x86_64-redhat-linux/9/:/opt/rh/devtoolset-9/root/usr/lib/gcc/x86_64-redhat-linux/]
  ignore line: [LIBRARY_PATH=/opt/rh/devtoolset-9/root/usr/lib/gcc/x86_64-redhat-linux/9/:/opt/rh/devtoolset-9/root/usr/lib/gcc/x86_64-redhat-linux/9/../../../../lib64/:/lib/../lib64/:/usr/lib/../lib64/:/opt/rh/devtoolset-9/root/usr/lib/gcc/x86_64-redhat-linux/9/../../../:/lib/:/usr/lib/]
  ignore line: [COLLECT_GCC_OPTIONS='-v' '-o' 'cmTC_2be13' '-shared-libgcc' '-mtune=generic' '-march=x86-64']
  link line: [ /opt/rh/devtoolset-9/root/usr/libexec/gcc/x86_64-redhat-linux/9/collect2 -plugin /opt/rh/devtoolset-9/root/usr/libexec/gcc/x86_64-redhat-linux/9/liblto_plugin.so -plugin-opt=/opt/rh/devtoolset-9/root/usr/libexec/gcc/x86_64-redhat-linux/9/lto-wrapper -plugin-opt=-fresolution=/scratch/tmp/ccjicxju.res -plugin-opt=-pass-through=-lgcc_s -plugin-opt=-pass-through=-lgcc -plugin-opt=-pass-through=-lc -plugin-opt=-pass-through=-lgcc_s -plugin-opt=-pass-through=-lgcc --build-id --no-add-needed --eh-frame-hdr --hash-style=gnu -m elf_x86_64 -dynamic-linker /lib64/ld-linux-x86-64.so.2 -o cmTC_2be13 /lib/../lib64/crt1.o /lib/../lib64/crti.o /opt/rh/devtoolset-9/root/usr/lib/gcc/x86_64-redhat-linux/9/crtbegin.o -L/opt/rh/devtoolset-9/root/usr/lib/gcc/x86_64-redhat-linux/9 -L/opt/rh/devtoolset-9/root/usr/lib/gcc/x86_64-redhat-linux/9/../../../../lib64 -L/lib/../lib64 -L/usr/lib/../lib64 -L/opt/rh/devtoolset-9/root/usr/lib/gcc/x86_64-redhat-linux/9/../../.. CMakeFiles/cmTC_2be13.dir/CMakeCXXCompilerABI.cpp.o -lstdc++ -lm -lgcc_s -lgcc -lc -lgcc_s -lgcc /opt/rh/devtoolset-9/root/usr/lib/gcc/x86_64-redhat-linux/9/crtend.o /lib/../lib64/crtn.o]
    arg [/opt/rh/devtoolset-9/root/usr/libexec/gcc/x86_64-redhat-linux/9/collect2] ==> ignore
    arg [-plugin] ==> ignore
    arg [/opt/rh/devtoolset-9/root/usr/libexec/gcc/x86_64-redhat-linux/9/liblto_plugin.so] ==> ignore
    arg [-plugin-opt=/opt/rh/devtoolset-9/root/usr/libexec/gcc/x86_64-redhat-linux/9/lto-wrapper] ==> ignore
    arg [-plugin-opt=-fresolution=/scratch/tmp/ccjicxju.res] ==> ignore
    arg [-plugin-opt=-pass-through=-lgcc_s] ==> ignore
    arg [-plugin-opt=-pass-through=-lgcc] ==> ignore
    arg [-plugin-opt=-pass-through=-lc] ==> ignore
    arg [-plugin-opt=-pass-through=-lgcc_s] ==> ignore
    arg [-plugin-opt=-pass-through=-lgcc] ==> ignore
    arg [--build-id] ==> ignore
    arg [--no-add-needed] ==> ignore
    arg [--eh-frame-hdr] ==> ignore
    arg [--hash-style=gnu] ==> ignore
    arg [-m] ==> ignore
    arg [elf_x86_64] ==> ignore
    arg [-dynamic-linker] ==> ignore
    arg [/lib64/ld-linux-x86-64.so.2] ==> ignore
    arg [-o] ==> ignore
    arg [cmTC_2be13] ==> ignore
    arg [/lib/../lib64/crt1.o] ==> ignore
    arg [/lib/../lib64/crti.o] ==> ignore
    arg [/opt/rh/devtoolset-9/root/usr/lib/gcc/x86_64-redhat-linux/9/crtbegin.o] ==> ignore
    arg [-L/opt/rh/devtoolset-9/root/usr/lib/gcc/x86_64-redhat-linux/9] ==> dir [/opt/rh/devtoolset-9/root/usr/lib/gcc/x86_64-redhat-linux/9]
    arg [-L/opt/rh/devtoolset-9/root/usr/lib/gcc/x86_64-redhat-linux/9/../../../../lib64] ==> dir [/opt/rh/devtoolset-9/root/usr/lib/gcc/x86_64-redhat-linux/9/../../../../lib64]
    arg [-L/lib/../lib64] ==> dir [/lib/../lib64]
    arg [-L/usr/lib/../lib64] ==> dir [/usr/lib/../lib64]
    arg [-L/opt/rh/devtoolset-9/root/usr/lib/gcc/x86_64-redhat-linux/9/../../..] ==> dir [/opt/rh/devtoolset-9/root/usr/lib/gcc/x86_64-redhat-linux/9/../../..]
    arg [CMakeFiles/cmTC_2be13.dir/CMakeCXXCompilerABI.cpp.o] ==> ignore
    arg [-lstdc++] ==> lib [stdc++]
    arg [-lm] ==> lib [m]
    arg [-lgcc_s] ==> lib [gcc_s]
    arg [-lgcc] ==> lib [gcc]
    arg [-lc] ==> lib [c]
    arg [-lgcc_s] ==> lib [gcc_s]
    arg [-lgcc] ==> lib [gcc]
    arg [/opt/rh/devtoolset-9/root/usr/lib/gcc/x86_64-redhat-linux/9/crtend.o] ==> ignore
    arg [/lib/../lib64/crtn.o] ==> ignore
  collapse library dir [/opt/rh/devtoolset-9/root/usr/lib/gcc/x86_64-redhat-linux/9] ==> [/opt/rh/devtoolset-9/root/usr/lib/gcc/x86_64-redhat-linux/9]
  collapse library dir [/opt/rh/devtoolset-9/root/usr/lib/gcc/x86_64-redhat-linux/9/../../../../lib64] ==> [/opt/rh/devtoolset-9/root/usr/lib64]
  collapse library dir [/lib/../lib64] ==> [/lib64]
  collapse library dir [/usr/lib/../lib64] ==> [/usr/lib64]
  collapse library dir [/opt/rh/devtoolset-9/root/usr/lib/gcc/x86_64-redhat-linux/9/../../..] ==> [/opt/rh/devtoolset-9/root/usr/lib]
  implicit libs: [stdc++;m;gcc_s;gcc;c;gcc_s;gcc]
  implicit dirs: [/opt/rh/devtoolset-9/root/usr/lib/gcc/x86_64-redhat-linux/9;/opt/rh/devtoolset-9/root/usr/lib64;/lib64;/usr/lib64;/opt/rh/devtoolset-9/root/usr/lib]
  implicit fwks: []


Determining if the include file pthread.h exists passed with the following output:
Change Dir: /home/clachanski/trees/OpenUSD_Vulkan/build/CMakeFiles/CMakeTmp

Run Build Command(s):/bin/gmake cmTC_6d61f/fast && /bin/gmake  -f CMakeFiles/cmTC_6d61f.dir/build.make CMakeFiles/cmTC_6d61f.dir/build
gmake[1]: Entering directory `/home/clachanski/trees/OpenUSD_Vulkan/build/CMakeFiles/CMakeTmp'
Building C object CMakeFiles/cmTC_6d61f.dir/CheckIncludeFile.c.o
/pixar/d2/sets/vfx2022.003/bin/gcc    -o CMakeFiles/cmTC_6d61f.dir/CheckIncludeFile.c.o   -c /home/clachanski/trees/OpenUSD_Vulkan/build/CMakeFiles/CMakeTmp/CheckIncludeFile.c
Linking C executable cmTC_6d61f
/usr/bin/cmake3 -E cmake_link_script CMakeFiles/cmTC_6d61f.dir/link.txt --verbose=1
/pixar/d2/sets/vfx2022.003/bin/gcc      CMakeFiles/cmTC_6d61f.dir/CheckIncludeFile.c.o  -o cmTC_6d61f 
gmake[1]: Leaving directory `/home/clachanski/trees/OpenUSD_Vulkan/build/CMakeFiles/CMakeTmp'



Determining if the function pthread_create exists in the pthread passed with the following output:
Change Dir: /home/clachanski/trees/OpenUSD_Vulkan/build/CMakeFiles/CMakeTmp

Run Build Command(s):/bin/gmake cmTC_ef321/fast && /bin/gmake  -f CMakeFiles/cmTC_ef321.dir/build.make CMakeFiles/cmTC_ef321.dir/build
gmake[1]: Entering directory `/home/clachanski/trees/OpenUSD_Vulkan/build/CMakeFiles/CMakeTmp'
Building C object CMakeFiles/cmTC_ef321.dir/CheckFunctionExists.c.o
/pixar/d2/sets/vfx2022.003/bin/gcc   -DCHECK_FUNCTION_EXISTS=pthread_create   -o CMakeFiles/cmTC_ef321.dir/CheckFunctionExists.c.o   -c /usr/share/cmake3/Modules/CheckFunctionExists.c
Linking C executable cmTC_ef321
/usr/bin/cmake3 -E cmake_link_script CMakeFiles/cmTC_ef321.dir/link.txt --verbose=1
/pixar/d2/sets/vfx2022.003/bin/gcc  -DCHECK_FUNCTION_EXISTS=pthread_create    CMakeFiles/cmTC_ef321.dir/CheckFunctionExists.c.o  -o cmTC_ef321  -lpthread 
gmake[1]: Leaving directory `/home/clachanski/trees/OpenUSD_Vulkan/build/CMakeFiles/CMakeTmp'



Determining if the function XOpenDisplay exists in the /usr/lib64/libX11.so;/usr/lib64/libXext.so passed with the following output:
Change Dir: /home/clachanski/trees/OpenUSD_Vulkan/build/CMakeFiles/CMakeTmp

Run Build Command(s):/bin/gmake cmTC_eaac2/fast && /bin/gmake  -f CMakeFiles/cmTC_eaac2.dir/build.make CMakeFiles/cmTC_eaac2.dir/build
gmake[1]: Entering directory `/home/clachanski/trees/OpenUSD_Vulkan/build/CMakeFiles/CMakeTmp'
Building C object CMakeFiles/cmTC_eaac2.dir/CheckFunctionExists.c.o
/pixar/d2/sets/vfx2022.003/bin/gcc   -DCHECK_FUNCTION_EXISTS=XOpenDisplay   -o CMakeFiles/cmTC_eaac2.dir/CheckFunctionExists.c.o   -c /usr/share/cmake3/Modules/CheckFunctionExists.c
Linking C executable cmTC_eaac2
/usr/bin/cmake3 -E cmake_link_script CMakeFiles/cmTC_eaac2.dir/link.txt --verbose=1
/pixar/d2/sets/vfx2022.003/bin/gcc  -DCHECK_FUNCTION_EXISTS=XOpenDisplay    CMakeFiles/cmTC_eaac2.dir/CheckFunctionExists.c.o  -o cmTC_eaac2  /usr/lib64/libX11.so /usr/lib64/libXext.so 
gmake[1]: Leaving directory `/home/clachanski/trees/OpenUSD_Vulkan/build/CMakeFiles/CMakeTmp'



Determining if the function gethostbyname exists passed with the following output:
Change Dir: /home/clachanski/trees/OpenUSD_Vulkan/build/CMakeFiles/CMakeTmp

Run Build Command(s):/bin/gmake cmTC_51746/fast && /bin/gmake  -f CMakeFiles/cmTC_51746.dir/build.make CMakeFiles/cmTC_51746.dir/build
gmake[1]: Entering directory `/home/clachanski/trees/OpenUSD_Vulkan/build/CMakeFiles/CMakeTmp'
Building C object CMakeFiles/cmTC_51746.dir/CheckFunctionExists.c.o
/pixar/d2/sets/vfx2022.003/bin/gcc   -DCHECK_FUNCTION_EXISTS=gethostbyname   -o CMakeFiles/cmTC_51746.dir/CheckFunctionExists.c.o   -c /usr/share/cmake3/Modules/CheckFunctionExists.c
Linking C executable cmTC_51746
/usr/bin/cmake3 -E cmake_link_script CMakeFiles/cmTC_51746.dir/link.txt --verbose=1
/pixar/d2/sets/vfx2022.003/bin/gcc  -DCHECK_FUNCTION_EXISTS=gethostbyname    CMakeFiles/cmTC_51746.dir/CheckFunctionExists.c.o  -o cmTC_51746 
gmake[1]: Leaving directory `/home/clachanski/trees/OpenUSD_Vulkan/build/CMakeFiles/CMakeTmp'



Determining if the function connect exists passed with the following output:
Change Dir: /home/clachanski/trees/OpenUSD_Vulkan/build/CMakeFiles/CMakeTmp

Run Build Command(s):/bin/gmake cmTC_2643b/fast && /bin/gmake  -f CMakeFiles/cmTC_2643b.dir/build.make CMakeFiles/cmTC_2643b.dir/build
gmake[1]: Entering directory `/home/clachanski/trees/OpenUSD_Vulkan/build/CMakeFiles/CMakeTmp'
Building C object CMakeFiles/cmTC_2643b.dir/CheckFunctionExists.c.o
/pixar/d2/sets/vfx2022.003/bin/gcc   -DCHECK_FUNCTION_EXISTS=connect   -o CMakeFiles/cmTC_2643b.dir/CheckFunctionExists.c.o   -c /usr/share/cmake3/Modules/CheckFunctionExists.c
Linking C executable cmTC_2643b
/usr/bin/cmake3 -E cmake_link_script CMakeFiles/cmTC_2643b.dir/link.txt --verbose=1
/pixar/d2/sets/vfx2022.003/bin/gcc  -DCHECK_FUNCTION_EXISTS=connect    CMakeFiles/cmTC_2643b.dir/CheckFunctionExists.c.o  -o cmTC_2643b 
gmake[1]: Leaving directory `/home/clachanski/trees/OpenUSD_Vulkan/build/CMakeFiles/CMakeTmp'



Determining if the function remove exists passed with the following output:
Change Dir: /home/clachanski/trees/OpenUSD_Vulkan/build/CMakeFiles/CMakeTmp

Run Build Command(s):/bin/gmake cmTC_b25d8/fast && /bin/gmake  -f CMakeFiles/cmTC_b25d8.dir/build.make CMakeFiles/cmTC_b25d8.dir/build
gmake[1]: Entering directory `/home/clachanski/trees/OpenUSD_Vulkan/build/CMakeFiles/CMakeTmp'
Building C object CMakeFiles/cmTC_b25d8.dir/CheckFunctionExists.c.o
/pixar/d2/sets/vfx2022.003/bin/gcc   -DCHECK_FUNCTION_EXISTS=remove   -o CMakeFiles/cmTC_b25d8.dir/CheckFunctionExists.c.o   -c /usr/share/cmake3/Modules/CheckFunctionExists.c
Linking C executable cmTC_b25d8
/usr/bin/cmake3 -E cmake_link_script CMakeFiles/cmTC_b25d8.dir/link.txt --verbose=1
/pixar/d2/sets/vfx2022.003/bin/gcc  -DCHECK_FUNCTION_EXISTS=remove    CMakeFiles/cmTC_b25d8.dir/CheckFunctionExists.c.o  -o cmTC_b25d8 
gmake[1]: Leaving directory `/home/clachanski/trees/OpenUSD_Vulkan/build/CMakeFiles/CMakeTmp'



Determining if the function shmat exists passed with the following output:
Change Dir: /home/clachanski/trees/OpenUSD_Vulkan/build/CMakeFiles/CMakeTmp

Run Build Command(s):/bin/gmake cmTC_95291/fast && /bin/gmake  -f CMakeFiles/cmTC_95291.dir/build.make CMakeFiles/cmTC_95291.dir/build
gmake[1]: Entering directory `/home/clachanski/trees/OpenUSD_Vulkan/build/CMakeFiles/CMakeTmp'
Building C object CMakeFiles/cmTC_95291.dir/CheckFunctionExists.c.o
/pixar/d2/sets/vfx2022.003/bin/gcc   -DCHECK_FUNCTION_EXISTS=shmat   -o CMakeFiles/cmTC_95291.dir/CheckFunctionExists.c.o   -c /usr/share/cmake3/Modules/CheckFunctionExists.c
Linking C executable cmTC_95291
/usr/bin/cmake3 -E cmake_link_script CMakeFiles/cmTC_95291.dir/link.txt --verbose=1
/pixar/d2/sets/vfx2022.003/bin/gcc  -DCHECK_FUNCTION_EXISTS=shmat    CMakeFiles/cmTC_95291.dir/CheckFunctionExists.c.o  -o cmTC_95291 
gmake[1]: Leaving directory `/home/clachanski/trees/OpenUSD_Vulkan/build/CMakeFiles/CMakeTmp'



Determining if the function IceConnectionNumber exists in the ICE passed with the following output:
Change Dir: /home/clachanski/trees/OpenUSD_Vulkan/build/CMakeFiles/CMakeTmp

Run Build Command(s):/bin/gmake cmTC_78f43/fast && /bin/gmake  -f CMakeFiles/cmTC_78f43.dir/build.make CMakeFiles/cmTC_78f43.dir/build
gmake[1]: Entering directory `/home/clachanski/trees/OpenUSD_Vulkan/build/CMakeFiles/CMakeTmp'
Building C object CMakeFiles/cmTC_78f43.dir/CheckFunctionExists.c.o
/pixar/d2/sets/vfx2022.003/bin/gcc   -DCHECK_FUNCTION_EXISTS=IceConnectionNumber   -o CMakeFiles/cmTC_78f43.dir/CheckFunctionExists.c.o   -c /usr/share/cmake3/Modules/CheckFunctionExists.c
Linking C executable cmTC_78f43
/usr/bin/cmake3 -E cmake_link_script CMakeFiles/cmTC_78f43.dir/link.txt --verbose=1
/pixar/d2/sets/vfx2022.003/bin/gcc  -DCHECK_FUNCTION_EXISTS=IceConnectionNumber    CMakeFiles/cmTC_78f43.dir/CheckFunctionExists.c.o  -o cmTC_78f43  -lICE 
gmake[1]: Leaving directory `/home/clachanski/trees/OpenUSD_Vulkan/build/CMakeFiles/CMakeTmp'



