Performing C SOURCE FILE Test CMAKE_HAVE_LIBC_PTHREAD failed with the following output:
Change Dir: /home/clachanski/trees/OpenUSD_Vulkan/build/CMakeFiles/CMakeTmp

Run Build Command(s):/bin/gmake cmTC_ef622/fast && /bin/gmake  -f CMakeFiles/cmTC_ef622.dir/build.make CMakeFiles/cmTC_ef622.dir/build
gmake[1]: Entering directory `/home/clachanski/trees/OpenUSD_Vulkan/build/CMakeFiles/CMakeTmp'
Building C object CMakeFiles/cmTC_ef622.dir/src.c.o
/pixar/d2/sets/vfx2022.003/bin/gcc   -DCMAKE_HAVE_LIBC_PTHREAD   -o CMakeFiles/cmTC_ef622.dir/src.c.o   -c /home/clachanski/trees/OpenUSD_Vulkan/build/CMakeFiles/CMakeTmp/src.c
Linking C executable cmTC_ef622
/usr/bin/cmake3 -E cmake_link_script CMakeFiles/cmTC_ef622.dir/link.txt --verbose=1
/pixar/d2/sets/vfx2022.003/bin/gcc  -DCMAKE_HAVE_LIBC_PTHREAD    CMakeFiles/cmTC_ef622.dir/src.c.o  -o cmTC_ef622 
/opt/rh/devtoolset-9/root/usr/libexec/gcc/x86_64-redhat-linux/9/ld: CMakeFiles/cmTC_ef622.dir/src.c.o: in function `main':
src.c:(.text+0x2d): undefined reference to `pthread_create'
/opt/rh/devtoolset-9/root/usr/libexec/gcc/x86_64-redhat-linux/9/ld: src.c:(.text+0x39): undefined reference to `pthread_detach'
/opt/rh/devtoolset-9/root/usr/libexec/gcc/x86_64-redhat-linux/9/ld: src.c:(.text+0x45): undefined reference to `pthread_cancel'
/opt/rh/devtoolset-9/root/usr/libexec/gcc/x86_64-redhat-linux/9/ld: src.c:(.text+0x56): undefined reference to `pthread_join'
/opt/rh/devtoolset-9/root/usr/libexec/gcc/x86_64-redhat-linux/9/ld: src.c:(.text+0x6a): undefined reference to `pthread_atfork'
collect2: error: ld returned 1 exit status
gmake[1]: *** [cmTC_ef622] Error 1
gmake[1]: Leaving directory `/home/clachanski/trees/OpenUSD_Vulkan/build/CMakeFiles/CMakeTmp'
gmake: *** [cmTC_ef622/fast] Error 2


Source file was:
#include <pthread.h>

void* test_func(void* data)
{
  return data;
}

int main(void)
{
  pthread_t thread;
  pthread_create(&thread, NULL, test_func, NULL);
  pthread_detach(thread);
  pthread_cancel(thread);
  pthread_join(thread, NULL);
  pthread_atfork(NULL, NULL, NULL);
  pthread_exit(NULL);

  return 0;
}

Determining if the function pthread_create exists in the pthreads failed with the following output:
Change Dir: /home/clachanski/trees/OpenUSD_Vulkan/build/CMakeFiles/CMakeTmp

Run Build Command(s):/bin/gmake cmTC_bbe1e/fast && /bin/gmake  -f CMakeFiles/cmTC_bbe1e.dir/build.make CMakeFiles/cmTC_bbe1e.dir/build
gmake[1]: Entering directory `/home/clachanski/trees/OpenUSD_Vulkan/build/CMakeFiles/CMakeTmp'
Building C object CMakeFiles/cmTC_bbe1e.dir/CheckFunctionExists.c.o
/pixar/d2/sets/vfx2022.003/bin/gcc   -DCHECK_FUNCTION_EXISTS=pthread_create   -o CMakeFiles/cmTC_bbe1e.dir/CheckFunctionExists.c.o   -c /usr/share/cmake3/Modules/CheckFunctionExists.c
Linking C executable cmTC_bbe1e
/usr/bin/cmake3 -E cmake_link_script CMakeFiles/cmTC_bbe1e.dir/link.txt --verbose=1
/pixar/d2/sets/vfx2022.003/bin/gcc  -DCHECK_FUNCTION_EXISTS=pthread_create    CMakeFiles/cmTC_bbe1e.dir/CheckFunctionExists.c.o  -o cmTC_bbe1e  -lpthreads 
/opt/rh/devtoolset-9/root/usr/libexec/gcc/x86_64-redhat-linux/9/ld: cannot find -lpthreads
collect2: error: ld returned 1 exit status
gmake[1]: *** [cmTC_bbe1e] Error 1
gmake[1]: Leaving directory `/home/clachanski/trees/OpenUSD_Vulkan/build/CMakeFiles/CMakeTmp'
gmake: *** [cmTC_bbe1e/fast] Error 2



